<!DOCTYPE html>
<html>
<head>
<meta http-equiv="Content-Type" content="text/html; charset=utf-8"/>
<meta http-equiv="x-ua-compatible" content="IE=edge"/>
<title>Test results - Class com.phonebook.test.LoginTests</title>
<link href="../css/base-style.css" rel="stylesheet" type="text/css"/>
<link href="../css/style.css" rel="stylesheet" type="text/css"/>
<script src="../js/report.js" type="text/javascript"></script>
</head>
<body>
<div id="content">
<h1>Class com.phonebook.test.LoginTests</h1>
<div class="breadcrumbs">
<a href="../index.html">all</a> &gt; 
<a href="../packages/com.phonebook.test.html">com.phonebook.test</a> &gt; LoginTests</div>
<div id="summary">
<table>
<tr>
<td>
<div class="summaryGroup">
<table>
<tr>
<td>
<div class="infoBox" id="tests">
<div class="counter">1</div>
<p>tests</p>
</div>
</td>
<td>
<div class="infoBox" id="failures">
<div class="counter">0</div>
<p>failures</p>
</div>
</td>
<td>
<div class="infoBox" id="ignored">
<div class="counter">0</div>
<p>ignored</p>
</div>
</td>
<td>
<div class="infoBox" id="duration">
<div class="counter">2.648s</div>
<p>duration</p>
</div>
</td>
</tr>
</table>
</div>
</td>
<td>
<div class="infoBox success" id="successRate">
<div class="percent">100%</div>
<p>successful</p>
</div>
</td>
</tr>
</table>
</div>
<div id="tabs">
<ul class="tabLinks">
<li>
<a href="#tab0">Tests</a>
</li>
<li>
<a href="#tab1">Standard output</a>
</li>
</ul>
<div id="tab0" class="tab">
<h2>Tests</h2>
<table>
<thead>
<tr>
<th>Test</th>
<th>Duration</th>
<th>Result</th>
</tr>
</thead>
<tr>
<td class="success">loginNegativeWithoutEmailTest</td>
<td class="success">2.648s</td>
<td class="success">passed</td>
</tr>
</table>
</div>
<div id="tab1" class="tab">
<h2>Standard output</h2>
<span class="code">
<pre>20:24:13.280 [Test worker] INFO  com.phonebook.test.TestBase -- Start testloginNegativeWithoutEmailTest[]
20:24:13.283 [Test worker] INFO  com.phonebook.utils.MyListener -- Before find elementsBy.cssSelector: [href='/login']
20:24:13.284 [Test worker] INFO  com.phonebook.utils.MyListener -- ****************************************************
20:24:13.376 [Test worker] INFO  com.phonebook.utils.MyListener -- List size is1
20:24:13.377 [Test worker] INFO  com.phonebook.utils.MyListener -- ****************************************************
20:24:13.382 [Test worker] INFO  com.phonebook.utils.MyListener -- The locator will findBy.cssSelector: [href='/login']
20:24:13.383 [Test worker] INFO  com.phonebook.utils.MyListener -- *******************************************
20:24:13.434 [Test worker] INFO  com.phonebook.utils.MyListener -- The locator foundBy.cssSelector: [href='/login']
20:24:13.434 [Test worker] INFO  com.phonebook.utils.MyListener -- ***************************************************
20:24:13.565 [Test worker] INFO  com.phonebook.utils.MyListener -- The locator will findBy.name: password
20:24:13.565 [Test worker] INFO  com.phonebook.utils.MyListener -- *******************************************
20:24:13.656 [Test worker] INFO  com.phonebook.utils.MyListener -- The locator foundBy.name: password
20:24:13.657 [Test worker] INFO  com.phonebook.utils.MyListener -- ***************************************************
20:24:13.771 [Test worker] INFO  com.phonebook.utils.MyListener -- The locator will findBy.name: password
20:24:13.771 [Test worker] INFO  com.phonebook.utils.MyListener -- *******************************************
20:24:13.837 [Test worker] INFO  com.phonebook.utils.MyListener -- The locator foundBy.name: password
20:24:13.839 [Test worker] INFO  com.phonebook.utils.MyListener -- ***************************************************
20:24:13.899 [Test worker] INFO  com.phonebook.utils.MyListener -- The locator will findBy.name: password
20:24:13.899 [Test worker] INFO  com.phonebook.utils.MyListener -- *******************************************
20:24:13.937 [Test worker] INFO  com.phonebook.utils.MyListener -- The locator foundBy.name: password
20:24:13.938 [Test worker] INFO  com.phonebook.utils.MyListener -- ***************************************************
20:24:14.057 [Test worker] INFO  com.phonebook.utils.MyListener -- The locator will findBy.name: login
20:24:14.057 [Test worker] INFO  com.phonebook.utils.MyListener -- *******************************************
20:24:14.128 [Test worker] INFO  com.phonebook.utils.MyListener -- The locator foundBy.name: login
20:24:14.129 [Test worker] INFO  com.phonebook.utils.MyListener -- ***************************************************
20:24:14.317 [Test worker] INFO  com.phonebook.utils.MyListener -- The test has a problem
20:24:14.317 [Test worker] INFO  com.phonebook.utils.MyListener -- ******************************************
20:24:14.318 [Test worker] INFO  com.phonebook.utils.MyListener -- Method--&gt;alert
20:24:14.318 [Test worker] INFO  com.phonebook.utils.MyListener -- *******************************************
20:24:14.321 [Test worker] INFO  com.phonebook.utils.MyListener -- Target Exception--&gt;org.openqa.selenium.NoAlertPresentException: no such alert
  (Session info: chrome=135.0.7049.85)
Build info: version: '4.26.0', revision: '8ccf0219d7'
System info: os.name: 'Windows 11', os.arch: 'amd64', os.version: '10.0', java.version: '17.0.11'
Driver info: org.openqa.selenium.chrome.ChromeDriver
Command: [dd185e502c351f95e521e2071c9e7dd1, getAlertText {}]
Capabilities {acceptInsecureCerts: false, browserName: chrome, browserVersion: 135.0.7049.85, chrome: {chromedriverVersion: 135.0.7049.84 (6c019e560019..., userDataDir: C:\Users\cohen\AppData\Loca...}, fedcm:accounts: true, goog:chromeOptions: {debuggerAddress: localhost:57468}, networkConnectionEnabled: false, pageLoadStrategy: normal, platformName: windows, proxy: Proxy(), se:cdp: ws://localhost:57468/devtoo..., se:cdpVersion: 135.0.7049.85, setWindowRect: true, strictFileInteractability: false, timeouts: {implicit: 0, pageLoad: 300000, script: 30000}, unhandledPromptBehavior: dismiss and notify, webauthn:extension:credBlob: true, webauthn:extension:largeBlob: true, webauthn:extension:minPinLength: true, webauthn:extension:prf: true, webauthn:virtualAuthenticators: true}
Session ID: dd185e502c351f95e521e2071c9e7dd1
20:24:14.322 [Test worker] INFO  com.phonebook.utils.MyListener -- *********************************************
20:24:14.322 [Test worker] INFO  com.phonebook.utils.MyListener -- Object target--&gt;org.openqa.selenium.remote.RemoteWebDriver$RemoteTargetLocator@6ed16657
20:24:14.322 [Test worker] INFO  com.phonebook.utils.MyListener -- ***********************************************
20:24:14.863 [Test worker] INFO  com.phonebook.utils.MyListener -- The test has a problem
20:24:14.865 [Test worker] INFO  com.phonebook.utils.MyListener -- ******************************************
20:24:14.865 [Test worker] INFO  com.phonebook.utils.MyListener -- Method--&gt;alert
20:24:14.866 [Test worker] INFO  com.phonebook.utils.MyListener -- *******************************************
20:24:14.867 [Test worker] INFO  com.phonebook.utils.MyListener -- Target Exception--&gt;org.openqa.selenium.NoAlertPresentException: no such alert
  (Session info: chrome=135.0.7049.85)
Build info: version: '4.26.0', revision: '8ccf0219d7'
System info: os.name: 'Windows 11', os.arch: 'amd64', os.version: '10.0', java.version: '17.0.11'
Driver info: org.openqa.selenium.chrome.ChromeDriver
Command: [dd185e502c351f95e521e2071c9e7dd1, getAlertText {}]
Capabilities {acceptInsecureCerts: false, browserName: chrome, browserVersion: 135.0.7049.85, chrome: {chromedriverVersion: 135.0.7049.84 (6c019e560019..., userDataDir: C:\Users\cohen\AppData\Loca...}, fedcm:accounts: true, goog:chromeOptions: {debuggerAddress: localhost:57468}, networkConnectionEnabled: false, pageLoadStrategy: normal, platformName: windows, proxy: Proxy(), se:cdp: ws://localhost:57468/devtoo..., se:cdpVersion: 135.0.7049.85, setWindowRect: true, strictFileInteractability: false, timeouts: {implicit: 0, pageLoad: 300000, script: 30000}, unhandledPromptBehavior: dismiss and notify, webauthn:extension:credBlob: true, webauthn:extension:largeBlob: true, webauthn:extension:minPinLength: true, webauthn:extension:prf: true, webauthn:virtualAuthenticators: true}
Session ID: dd185e502c351f95e521e2071c9e7dd1
20:24:14.870 [Test worker] INFO  com.phonebook.utils.MyListener -- *********************************************
20:24:14.870 [Test worker] INFO  com.phonebook.utils.MyListener -- Object target--&gt;org.openqa.selenium.remote.RemoteWebDriver$RemoteTargetLocator@7b6e5c12
20:24:14.871 [Test worker] INFO  com.phonebook.utils.MyListener -- ***********************************************
20:24:15.414 [Test worker] INFO  com.phonebook.utils.MyListener -- The test has a problem
20:24:15.415 [Test worker] INFO  com.phonebook.utils.MyListener -- ******************************************
20:24:15.419 [Test worker] INFO  com.phonebook.utils.MyListener -- Method--&gt;alert
20:24:15.421 [Test worker] INFO  com.phonebook.utils.MyListener -- *******************************************
20:24:15.421 [Test worker] INFO  com.phonebook.utils.MyListener -- Target Exception--&gt;org.openqa.selenium.NoAlertPresentException: no such alert
  (Session info: chrome=135.0.7049.85)
Build info: version: '4.26.0', revision: '8ccf0219d7'
System info: os.name: 'Windows 11', os.arch: 'amd64', os.version: '10.0', java.version: '17.0.11'
Driver info: org.openqa.selenium.chrome.ChromeDriver
Command: [dd185e502c351f95e521e2071c9e7dd1, getAlertText {}]
Capabilities {acceptInsecureCerts: false, browserName: chrome, browserVersion: 135.0.7049.85, chrome: {chromedriverVersion: 135.0.7049.84 (6c019e560019..., userDataDir: C:\Users\cohen\AppData\Loca...}, fedcm:accounts: true, goog:chromeOptions: {debuggerAddress: localhost:57468}, networkConnectionEnabled: false, pageLoadStrategy: normal, platformName: windows, proxy: Proxy(), se:cdp: ws://localhost:57468/devtoo..., se:cdpVersion: 135.0.7049.85, setWindowRect: true, strictFileInteractability: false, timeouts: {implicit: 0, pageLoad: 300000, script: 30000}, unhandledPromptBehavior: dismiss and notify, webauthn:extension:credBlob: true, webauthn:extension:largeBlob: true, webauthn:extension:minPinLength: true, webauthn:extension:prf: true, webauthn:virtualAuthenticators: true}
Session ID: dd185e502c351f95e521e2071c9e7dd1
20:24:15.425 [Test worker] INFO  com.phonebook.utils.MyListener -- *********************************************
20:24:15.425 [Test worker] INFO  com.phonebook.utils.MyListener -- Object target--&gt;org.openqa.selenium.remote.RemoteWebDriver$RemoteTargetLocator@4ee6291f
20:24:15.425 [Test worker] INFO  com.phonebook.utils.MyListener -- ***********************************************
20:24:16.042 [Test worker] INFO  com.phonebook.test.TestBase -- PASSED: loginNegativeWithoutEmailTest
20:24:16.042 [Test worker] INFO  com.phonebook.test.TestBase -- Stop test
20:24:16.043 [Test worker] INFO  com.phonebook.test.TestBase -- =====================================
</pre>
</span>
</div>
</div>
<div id="footer">
<p>
<div>
<label class="hidden" id="label-for-line-wrapping-toggle" for="line-wrapping-toggle">Wrap lines
<input id="line-wrapping-toggle" type="checkbox" autocomplete="off"/>
</label>
</div>Generated by 
<a href="http://www.gradle.org">Gradle 8.11</a> at Apr 21, 2025, 8:24:18 PM</p>
</div>
</div>
</body>
</html>
